2025-10-16 11:38:55.593 [main] INFO  utils.Log - Starting login test
2025-10-16 11:38:56.916 [main] INFO  utils.Log - Login test completed
2025-10-16 11:41:27.055 [main] INFO  utils.Log - Starting login test
2025-10-16 11:41:28.314 [main] INFO  utils.Log - Login test completed
2025-10-16 11:50:44.884 [main] INFO  utils.Log - Starting login test
2025-10-16 11:50:44.898 [main] INFO  utils.Log - Starting login test
2025-10-16 11:50:46.746 [main] INFO  utils.Log - Login test completed
2025-10-16 11:51:00.868 [main] INFO  utils.Log - Starting login test
2025-10-16 11:51:00.880 [main] INFO  utils.Log - Starting login test
2025-10-16 11:51:02.737 [main] INFO  utils.Log - Login test completed
2025-10-16 11:55:38.036 [main] INFO  utils.Log - Starting login test
2025-10-16 11:55:38.041 [main] INFO  utils.Log - Starting login test
2025-10-16 11:55:39.123 [main] ERROR utils.Log - Login test completed
2025-10-16 11:56:24.425 [main] INFO  utils.Log - Starting login test
2025-10-16 11:56:24.436 [main] INFO  utils.Log - Starting login test info
2025-10-16 11:56:25.598 [main] ERROR utils.Log - Login test completed error
2025-10-16 11:57:23.238 [main] INFO  utils.Log - Starting login test
2025-10-16 11:57:23.243 [main] INFO  utils.Log - Starting login test info
2025-10-16 11:57:24.315 [main] ERROR utils.Log - Login test completed error
2025-10-16 11:57:24.315 [main] WARN  utils.Log - Login test completed warn
2025-10-16 11:58:03.505 [main] INFO  utils.Log - Starting login test
2025-10-16 11:58:03.517 [main] INFO  utils.Log - Starting login test info
2025-10-16 12:01:49.860 [main] ERROR utils.Log - Login test completed error
2025-10-16 12:01:49.869 [main] WARN  utils.Log - Login test completed warn
2025-10-16 12:01:55.883 [main] INFO  utils.Log - Starting login test
2025-10-16 12:01:55.896 [main] INFO  utils.Log - Starting login test info
2025-10-16 12:02:04.837 [main] ERROR utils.Log - Login test completed error
2025-10-16 12:02:04.840 [main] WARN  utils.Log - Login test completed warn
2025-10-16 12:02:10.590 [main] INFO  utils.Log - Starting login test
2025-10-16 12:02:10.610 [main] INFO  utils.Log - Starting login test info
2025-10-16 12:02:48.500 [main] ERROR utils.Log - Login test completed error
2025-10-16 12:02:49.218 [main] WARN  utils.Log - Login test completed warn
